<?xml version="1.0" encoding="UTF-8"?>
<testsuite name="com.example.incidentsdk.storage.FakeIncidentStorageTest" tests="9" skipped="0" failures="0" errors="0" timestamp="2025-12-30T12:25:29" hostname="COD4D9JYXL26.local" time="0.016">
  <properties/>
  <testcase name="saveIncident_isSafeFromConcurrentCoroutines" classname="com.example.incidentsdk.storage.FakeIncidentStorageTest" time="0.006"/>
  <testcase name="saveIncident_and_getAllIncidents_work" classname="com.example.incidentsdk.storage.FakeIncidentStorageTest" time="0.001"/>
  <testcase name="saveIncident_respectsMaxSizeOfOne" classname="com.example.incidentsdk.storage.FakeIncidentStorageTest" time="0.003"/>
  <testcase name="saveIncident_dropsOldestWhenMaxSizeExceeded" classname="com.example.incidentsdk.storage.FakeIncidentStorageTest" time="0.0"/>
  <testcase name="saveIncident_concurrentWithMaxSizeEnforced" classname="com.example.incidentsdk.storage.FakeIncidentStorageTest" time="0.002"/>
  <testcase name="clearAll_removesAllIncidents" classname="com.example.incidentsdk.storage.FakeIncidentStorageTest" time="0.001"/>
  <testcase name="getAllIncidents_returnsCopy" classname="com.example.incidentsdk.storage.FakeIncidentStorageTest" time="0.001"/>
  <testcase name="saveIncident_multipleOverflowsDropCorrectly" classname="com.example.incidentsdk.storage.FakeIncidentStorageTest" time="0.0"/>
  <testcase name="getAllIncidents_returnsEmptyListWhenNoIncidents" classname="com.example.incidentsdk.storage.FakeIncidentStorageTest" time="0.0"/>
  <system-out><![CDATA[]]></system-out>
  <system-err><![CDATA[]]></system-err>
</testsuite>
