<?xml version="1.0" encoding="UTF-8"?>
<testsuite name="com.example.incidentsdk.internal.IncidentRepositoryTest" tests="9" skipped="0" failures="0" errors="0" timestamp="2025-12-30T12:25:29" hostname="COD4D9JYXL26.local" time="0.009">
  <properties/>
  <testcase name="getSummary_complexScenarioWithMixedScreensAndSeverities" classname="com.example.incidentsdk.internal.IncidentRepositoryTest" time="0.001"/>
  <testcase name="getSummary_groupsIncidentsBySeverity" classname="com.example.incidentsdk.internal.IncidentRepositoryTest" time="0.001"/>
  <testcase name="getSummary_mapsNullScreenToUnknown" classname="com.example.incidentsdk.internal.IncidentRepositoryTest" time="0.001"/>
  <testcase name="getSummary_includesTimestampsWithScreen" classname="com.example.incidentsdk.internal.IncidentRepositoryTest" time="0.001"/>
  <testcase name="getSummary_includesTimestampsSortedDescending" classname="com.example.incidentsdk.internal.IncidentRepositoryTest" time="0.001"/>
  <testcase name="getSummary_groupsIncidentsByScreen" classname="com.example.incidentsdk.internal.IncidentRepositoryTest" time="0.001"/>
  <testcase name="recordIncident_increasesTotalCount" classname="com.example.incidentsdk.internal.IncidentRepositoryTest" time="0.001"/>
  <testcase name="getSummary_returnsEmptyMapsWhenNoIncidents" classname="com.example.incidentsdk.internal.IncidentRepositoryTest" time="0.001"/>
  <testcase name="getSummary_groupsAllSeverityLevelsCorrectly" classname="com.example.incidentsdk.internal.IncidentRepositoryTest" time="0.001"/>
  <system-out><![CDATA[]]></system-out>
  <system-err><![CDATA[]]></system-err>
</testsuite>
